<?xml version="1.0" encoding="UTF-8"?>
<testsuite xmlns:xsi="http://www.w3.org/2001/XMLSchema-instance" xsi:noNamespaceSchemaLocation="https://maven.apache.org/surefire/maven-surefire-plugin/xsd/surefire-test-report.xsd" name="com.java.o2o.dao.AreaDaoTest" time="15.737" tests="1" errors="0" skipped="0" failures="0">
  <properties>
    <property name="sun.desktop" value="windows"/>
    <property name="awt.toolkit" value="sun.awt.windows.WToolkit"/>
    <property name="file.encoding.pkg" value="sun.io"/>
    <property name="java.specification.version" value="1.8"/>
    <property name="sun.cpu.isalist" value="amd64"/>
    <property name="sun.jnu.encoding" value="GBK"/>
    <property name="java.class.path" value="E:\IDEA\WorkSpace\javaWeb2\o2o\target\test-classes;E:\IDEA\WorkSpace\javaWeb2\o2o\target\classes;E:\Java EE web Course\Maven\apache-maven-3.6.0-bin\apache-maven-3.6.0\MavenRepo\junit\junit\4.11\junit-4.11.jar;E:\Java EE web Course\Maven\apache-maven-3.6.0-bin\apache-maven-3.6.0\MavenRepo\org\hamcrest\hamcrest-core\1.3\hamcrest-core-1.3.jar;E:\Java EE web Course\Maven\apache-maven-3.6.0-bin\apache-maven-3.6.0\MavenRepo\org\hamcrest\hamcrest-all\1.3\hamcrest-all-1.3.jar;E:\Java EE web Course\Maven\apache-maven-3.6.0-bin\apache-maven-3.6.0\MavenRepo\org\slf4j\slf4j-api\1.7.25\slf4j-api-1.7.25.jar;E:\Java EE web Course\Maven\apache-maven-3.6.0-bin\apache-maven-3.6.0\MavenRepo\ch\qos\logback\logback-core\1.2.3\logback-core-1.2.3.jar;E:\Java EE web Course\Maven\apache-maven-3.6.0-bin\apache-maven-3.6.0\MavenRepo\ch\qos\logback\logback-classic\1.2.3\logback-classic-1.2.3.jar;E:\Java EE web Course\Maven\apache-maven-3.6.0-bin\apache-maven-3.6.0\MavenRepo\org\springframework\spring-test\4.1.3.RELEASE\spring-test-4.1.3.RELEASE.jar;E:\Java EE web Course\Maven\apache-maven-3.6.0-bin\apache-maven-3.6.0\MavenRepo\org\springframework\spring-context\4.1.3.RELEASE\spring-context-4.1.3.RELEASE.jar;E:\Java EE web Course\Maven\apache-maven-3.6.0-bin\apache-maven-3.6.0\MavenRepo\org\springframework\spring-beans\4.1.3.RELEASE\spring-beans-4.1.3.RELEASE.jar;E:\Java EE web Course\Maven\apache-maven-3.6.0-bin\apache-maven-3.6.0\MavenRepo\org\springframework\spring-jdbc\4.1.3.RELEASE\spring-jdbc-4.1.3.RELEASE.jar;E:\Java EE web Course\Maven\apache-maven-3.6.0-bin\apache-maven-3.6.0\MavenRepo\org\springframework\spring-webmvc\4.1.3.RELEASE\spring-webmvc-4.1.3.RELEASE.jar;E:\Java EE web Course\Maven\apache-maven-3.6.0-bin\apache-maven-3.6.0\MavenRepo\org\springframework\spring-aspects\4.1.3.RELEASE\spring-aspects-4.1.3.RELEASE.jar;E:\Java EE web Course\Maven\apache-maven-3.6.0-bin\apache-maven-3.6.0\MavenRepo\org\aspectj\aspectjweaver\1.8.4\aspectjweaver-1.8.4.jar;E:\Java EE web Course\Maven\apache-maven-3.6.0-bin\apache-maven-3.6.0\MavenRepo\org\springframework\spring-aop\4.1.3.RELEASE\spring-aop-4.1.3.RELEASE.jar;E:\Java EE web Course\Maven\apache-maven-3.6.0-bin\apache-maven-3.6.0\MavenRepo\aopalliance\aopalliance\1.0\aopalliance-1.0.jar;E:\Java EE web Course\Maven\apache-maven-3.6.0-bin\apache-maven-3.6.0\MavenRepo\org\springframework\spring-core\4.1.3.RELEASE\spring-core-4.1.3.RELEASE.jar;E:\Java EE web Course\Maven\apache-maven-3.6.0-bin\apache-maven-3.6.0\MavenRepo\commons-logging\commons-logging\1.2\commons-logging-1.2.jar;E:\Java EE web Course\Maven\apache-maven-3.6.0-bin\apache-maven-3.6.0\MavenRepo\org\springframework\spring-expression\4.1.3.RELEASE\spring-expression-4.1.3.RELEASE.jar;E:\Java EE web Course\Maven\apache-maven-3.6.0-bin\apache-maven-3.6.0\MavenRepo\org\springframework\spring-web\4.1.3.RELEASE\spring-web-4.1.3.RELEASE.jar;E:\Java EE web Course\Maven\apache-maven-3.6.0-bin\apache-maven-3.6.0\MavenRepo\org\springframework\spring-tx\4.1.3.RELEASE\spring-tx-4.1.3.RELEASE.jar;E:\Java EE web Course\Maven\apache-maven-3.6.0-bin\apache-maven-3.6.0\MavenRepo\commons-fileupload\commons-fileupload\1.3.1\commons-fileupload-1.3.1.jar;E:\Java EE web Course\Maven\apache-maven-3.6.0-bin\apache-maven-3.6.0\MavenRepo\commons-io\commons-io\2.2\commons-io-2.2.jar;E:\Java EE web Course\Maven\apache-maven-3.6.0-bin\apache-maven-3.6.0\MavenRepo\com\fasterxml\jackson\core\jackson-databind\2.9.8\jackson-databind-2.9.8.jar;E:\Java EE web Course\Maven\apache-maven-3.6.0-bin\apache-maven-3.6.0\MavenRepo\com\fasterxml\jackson\core\jackson-annotations\2.9.0\jackson-annotations-2.9.0.jar;E:\Java EE web Course\Maven\apache-maven-3.6.0-bin\apache-maven-3.6.0\MavenRepo\javax\servlet\servlet-api\2.5\servlet-api-2.5.jar;E:\Java EE web Course\Maven\apache-maven-3.6.0-bin\apache-maven-3.6.0\MavenRepo\javax\servlet\javax.servlet-api\3.1.0\javax.servlet-api-3.1.0.jar;E:\Java EE web Course\Maven\apache-maven-3.6.0-bin\apache-maven-3.6.0\MavenRepo\com\fasterxml\jackson\core\jackson-core\2.9.8\jackson-core-2.9.8.jar;E:\Java EE web Course\Maven\apache-maven-3.6.0-bin\apache-maven-3.6.0\MavenRepo\org\codehaus\jackson\jackson-core-asl\1.9.13\jackson-core-asl-1.9.13.jar;E:\Java EE web Course\Maven\apache-maven-3.6.0-bin\apache-maven-3.6.0\MavenRepo\commons-collections\commons-collections\3.2.1\commons-collections-3.2.1.jar;E:\Java EE web Course\Maven\apache-maven-3.6.0-bin\apache-maven-3.6.0\MavenRepo\org\mybatis\mybatis\3.2.8\mybatis-3.2.8.jar;E:\Java EE web Course\Maven\apache-maven-3.6.0-bin\apache-maven-3.6.0\MavenRepo\org\mybatis\mybatis-spring\1.2.2\mybatis-spring-1.2.2.jar;E:\Java EE web Course\Maven\apache-maven-3.6.0-bin\apache-maven-3.6.0\MavenRepo\mysql\mysql-connector-java\5.1.32\mysql-connector-java-5.1.32.jar;E:\Java EE web Course\Maven\apache-maven-3.6.0-bin\apache-maven-3.6.0\MavenRepo\c3p0\c3p0\0.9.1.2\c3p0-0.9.1.2.jar;E:\Java EE web Course\Maven\apache-maven-3.6.0-bin\apache-maven-3.6.0\MavenRepo\net\coobird\thumbnailator\0.4.8\thumbnailator-0.4.8.jar;E:\Java EE web Course\Maven\apache-maven-3.6.0-bin\apache-maven-3.6.0\MavenRepo\org\apache\httpcomponents\httpcore\4.3\httpcore-4.3.jar;E:\Java EE web Course\Maven\apache-maven-3.6.0-bin\apache-maven-3.6.0\MavenRepo\com\github\penggle\kaptcha\2.3.2\kaptcha-2.3.2.jar;E:\Java EE web Course\Maven\apache-maven-3.6.0-bin\apache-maven-3.6.0\MavenRepo\com\jhlabs\filters\2.0.235-1\filters-2.0.235-1.jar;E:\Java EE web Course\Maven\apache-maven-3.6.0-bin\apache-maven-3.6.0\MavenRepo\redis\clients\jedis\2.9.0\jedis-2.9.0.jar;E:\Java EE web Course\Maven\apache-maven-3.6.0-bin\apache-maven-3.6.0\MavenRepo\org\apache\commons\commons-pool2\2.4.2\commons-pool2-2.4.2.jar;"/>
    <property name="java.vm.vendor" value="Oracle Corporation"/>
    <property name="sun.arch.data.model" value="64"/>
    <property name="user.variant" value=""/>
    <property name="java.vendor.url" value="http://java.oracle.com/"/>
    <property name="user.timezone" value="Asia/Shanghai"/>
    <property name="java.vm.specification.version" value="1.8"/>
    <property name="os.name" value="Windows 10"/>
    <property name="user.country" value="CN"/>
    <property name="sun.java.launcher" value="SUN_STANDARD"/>
    <property name="sun.boot.library.path" value="E:\Java EE web Course\Java editor Location\jdk1.8\jre\bin"/>
    <property name="sun.java.command" value="C:\Users\石强华\AppData\Local\Temp\surefire7038703101634293899\surefirebooter8191167460400194063.jar C:\Users\石强华\AppData\Local\Temp\surefire7038703101634293899 2019-05-23T13-25-12_063-jvmRun1 surefire5071946101687017456tmp surefire_01961819499787408934tmp"/>
    <property name="surefire.test.class.path" value="E:\IDEA\WorkSpace\javaWeb2\o2o\target\test-classes;E:\IDEA\WorkSpace\javaWeb2\o2o\target\classes;E:\Java EE web Course\Maven\apache-maven-3.6.0-bin\apache-maven-3.6.0\MavenRepo\junit\junit\4.11\junit-4.11.jar;E:\Java EE web Course\Maven\apache-maven-3.6.0-bin\apache-maven-3.6.0\MavenRepo\org\hamcrest\hamcrest-core\1.3\hamcrest-core-1.3.jar;E:\Java EE web Course\Maven\apache-maven-3.6.0-bin\apache-maven-3.6.0\MavenRepo\org\hamcrest\hamcrest-all\1.3\hamcrest-all-1.3.jar;E:\Java EE web Course\Maven\apache-maven-3.6.0-bin\apache-maven-3.6.0\MavenRepo\org\slf4j\slf4j-api\1.7.25\slf4j-api-1.7.25.jar;E:\Java EE web Course\Maven\apache-maven-3.6.0-bin\apache-maven-3.6.0\MavenRepo\ch\qos\logback\logback-core\1.2.3\logback-core-1.2.3.jar;E:\Java EE web Course\Maven\apache-maven-3.6.0-bin\apache-maven-3.6.0\MavenRepo\ch\qos\logback\logback-classic\1.2.3\logback-classic-1.2.3.jar;E:\Java EE web Course\Maven\apache-maven-3.6.0-bin\apache-maven-3.6.0\MavenRepo\org\springframework\spring-test\4.1.3.RELEASE\spring-test-4.1.3.RELEASE.jar;E:\Java EE web Course\Maven\apache-maven-3.6.0-bin\apache-maven-3.6.0\MavenRepo\org\springframework\spring-context\4.1.3.RELEASE\spring-context-4.1.3.RELEASE.jar;E:\Java EE web Course\Maven\apache-maven-3.6.0-bin\apache-maven-3.6.0\MavenRepo\org\springframework\spring-beans\4.1.3.RELEASE\spring-beans-4.1.3.RELEASE.jar;E:\Java EE web Course\Maven\apache-maven-3.6.0-bin\apache-maven-3.6.0\MavenRepo\org\springframework\spring-jdbc\4.1.3.RELEASE\spring-jdbc-4.1.3.RELEASE.jar;E:\Java EE web Course\Maven\apache-maven-3.6.0-bin\apache-maven-3.6.0\MavenRepo\org\springframework\spring-webmvc\4.1.3.RELEASE\spring-webmvc-4.1.3.RELEASE.jar;E:\Java EE web Course\Maven\apache-maven-3.6.0-bin\apache-maven-3.6.0\MavenRepo\org\springframework\spring-aspects\4.1.3.RELEASE\spring-aspects-4.1.3.RELEASE.jar;E:\Java EE web Course\Maven\apache-maven-3.6.0-bin\apache-maven-3.6.0\MavenRepo\org\aspectj\aspectjweaver\1.8.4\aspectjweaver-1.8.4.jar;E:\Java EE web Course\Maven\apache-maven-3.6.0-bin\apache-maven-3.6.0\MavenRepo\org\springframework\spring-aop\4.1.3.RELEASE\spring-aop-4.1.3.RELEASE.jar;E:\Java EE web Course\Maven\apache-maven-3.6.0-bin\apache-maven-3.6.0\MavenRepo\aopalliance\aopalliance\1.0\aopalliance-1.0.jar;E:\Java EE web Course\Maven\apache-maven-3.6.0-bin\apache-maven-3.6.0\MavenRepo\org\springframework\spring-core\4.1.3.RELEASE\spring-core-4.1.3.RELEASE.jar;E:\Java EE web Course\Maven\apache-maven-3.6.0-bin\apache-maven-3.6.0\MavenRepo\commons-logging\commons-logging\1.2\commons-logging-1.2.jar;E:\Java EE web Course\Maven\apache-maven-3.6.0-bin\apache-maven-3.6.0\MavenRepo\org\springframework\spring-expression\4.1.3.RELEASE\spring-expression-4.1.3.RELEASE.jar;E:\Java EE web Course\Maven\apache-maven-3.6.0-bin\apache-maven-3.6.0\MavenRepo\org\springframework\spring-web\4.1.3.RELEASE\spring-web-4.1.3.RELEASE.jar;E:\Java EE web Course\Maven\apache-maven-3.6.0-bin\apache-maven-3.6.0\MavenRepo\org\springframework\spring-tx\4.1.3.RELEASE\spring-tx-4.1.3.RELEASE.jar;E:\Java EE web Course\Maven\apache-maven-3.6.0-bin\apache-maven-3.6.0\MavenRepo\commons-fileupload\commons-fileupload\1.3.1\commons-fileupload-1.3.1.jar;E:\Java EE web Course\Maven\apache-maven-3.6.0-bin\apache-maven-3.6.0\MavenRepo\commons-io\commons-io\2.2\commons-io-2.2.jar;E:\Java EE web Course\Maven\apache-maven-3.6.0-bin\apache-maven-3.6.0\MavenRepo\com\fasterxml\jackson\core\jackson-databind\2.9.8\jackson-databind-2.9.8.jar;E:\Java EE web Course\Maven\apache-maven-3.6.0-bin\apache-maven-3.6.0\MavenRepo\com\fasterxml\jackson\core\jackson-annotations\2.9.0\jackson-annotations-2.9.0.jar;E:\Java EE web Course\Maven\apache-maven-3.6.0-bin\apache-maven-3.6.0\MavenRepo\javax\servlet\servlet-api\2.5\servlet-api-2.5.jar;E:\Java EE web Course\Maven\apache-maven-3.6.0-bin\apache-maven-3.6.0\MavenRepo\javax\servlet\javax.servlet-api\3.1.0\javax.servlet-api-3.1.0.jar;E:\Java EE web Course\Maven\apache-maven-3.6.0-bin\apache-maven-3.6.0\MavenRepo\com\fasterxml\jackson\core\jackson-core\2.9.8\jackson-core-2.9.8.jar;E:\Java EE web Course\Maven\apache-maven-3.6.0-bin\apache-maven-3.6.0\MavenRepo\org\codehaus\jackson\jackson-core-asl\1.9.13\jackson-core-asl-1.9.13.jar;E:\Java EE web Course\Maven\apache-maven-3.6.0-bin\apache-maven-3.6.0\MavenRepo\commons-collections\commons-collections\3.2.1\commons-collections-3.2.1.jar;E:\Java EE web Course\Maven\apache-maven-3.6.0-bin\apache-maven-3.6.0\MavenRepo\org\mybatis\mybatis\3.2.8\mybatis-3.2.8.jar;E:\Java EE web Course\Maven\apache-maven-3.6.0-bin\apache-maven-3.6.0\MavenRepo\org\mybatis\mybatis-spring\1.2.2\mybatis-spring-1.2.2.jar;E:\Java EE web Course\Maven\apache-maven-3.6.0-bin\apache-maven-3.6.0\MavenRepo\mysql\mysql-connector-java\5.1.32\mysql-connector-java-5.1.32.jar;E:\Java EE web Course\Maven\apache-maven-3.6.0-bin\apache-maven-3.6.0\MavenRepo\c3p0\c3p0\0.9.1.2\c3p0-0.9.1.2.jar;E:\Java EE web Course\Maven\apache-maven-3.6.0-bin\apache-maven-3.6.0\MavenRepo\net\coobird\thumbnailator\0.4.8\thumbnailator-0.4.8.jar;E:\Java EE web Course\Maven\apache-maven-3.6.0-bin\apache-maven-3.6.0\MavenRepo\org\apache\httpcomponents\httpcore\4.3\httpcore-4.3.jar;E:\Java EE web Course\Maven\apache-maven-3.6.0-bin\apache-maven-3.6.0\MavenRepo\com\github\penggle\kaptcha\2.3.2\kaptcha-2.3.2.jar;E:\Java EE web Course\Maven\apache-maven-3.6.0-bin\apache-maven-3.6.0\MavenRepo\com\jhlabs\filters\2.0.235-1\filters-2.0.235-1.jar;E:\Java EE web Course\Maven\apache-maven-3.6.0-bin\apache-maven-3.6.0\MavenRepo\redis\clients\jedis\2.9.0\jedis-2.9.0.jar;E:\Java EE web Course\Maven\apache-maven-3.6.0-bin\apache-maven-3.6.0\MavenRepo\org\apache\commons\commons-pool2\2.4.2\commons-pool2-2.4.2.jar;"/>
    <property name="sun.cpu.endian" value="little"/>
    <property name="user.home" value="C:\Users\石强华"/>
    <property name="user.language" value="zh"/>
    <property name="java.specification.vendor" value="Oracle Corporation"/>
    <property name="java.home" value="E:\Java EE web Course\Java editor Location\jdk1.8\jre"/>
    <property name="basedir" value="E:\IDEA\WorkSpace\javaWeb2\o2o"/>
    <property name="file.separator" value="\"/>
    <property name="line.separator" value="&#10;"/>
    <property name="java.vm.specification.vendor" value="Oracle Corporation"/>
    <property name="java.specification.name" value="Java Platform API Specification"/>
    <property name="java.awt.graphicsenv" value="sun.awt.Win32GraphicsEnvironment"/>
    <property name="surefire.real.class.path" value="C:\Users\石强华\AppData\Local\Temp\surefire7038703101634293899\surefirebooter8191167460400194063.jar"/>
    <property name="sun.boot.class.path" value="E:\Java EE web Course\Java editor Location\jdk1.8\jre\lib\resources.jar;E:\Java EE web Course\Java editor Location\jdk1.8\jre\lib\rt.jar;E:\Java EE web Course\Java editor Location\jdk1.8\jre\lib\sunrsasign.jar;E:\Java EE web Course\Java editor Location\jdk1.8\jre\lib\jsse.jar;E:\Java EE web Course\Java editor Location\jdk1.8\jre\lib\jce.jar;E:\Java EE web Course\Java editor Location\jdk1.8\jre\lib\charsets.jar;E:\Java EE web Course\Java editor Location\jdk1.8\jre\lib\jfr.jar;E:\Java EE web Course\Java editor Location\jdk1.8\jre\classes"/>
    <property name="user.script" value=""/>
    <property name="sun.management.compiler" value="HotSpot 64-Bit Tiered Compilers"/>
    <property name="java.runtime.version" value="1.8.0_181-b13"/>
    <property name="user.name" value="石强华"/>
    <property name="path.separator" value=";"/>
    <property name="os.version" value="10.0"/>
    <property name="java.endorsed.dirs" value="E:\Java EE web Course\Java editor Location\jdk1.8\jre\lib\endorsed"/>
    <property name="java.runtime.name" value="Java(TM) SE Runtime Environment"/>
    <property name="file.encoding" value="GBK"/>
    <property name="java.vm.name" value="Java HotSpot(TM) 64-Bit Server VM"/>
    <property name="localRepository" value="E:\Java EE web Course\Maven\apache-maven-3.6.0-bin\apache-maven-3.6.0\MavenRepo"/>
    <property name="java.vendor.url.bug" value="http://bugreport.sun.com/bugreport/"/>
    <property name="java.io.tmpdir" value="C:\Users\石强华\AppData\Local\Temp\"/>
    <property name="idea.version" value="2017.2.6"/>
    <property name="java.version" value="1.8.0_181"/>
    <property name="user.dir" value="E:\IDEA\WorkSpace\javaWeb2\o2o"/>
    <property name="os.arch" value="amd64"/>
    <property name="java.vm.specification.name" value="Java Virtual Machine Specification"/>
    <property name="java.awt.printerjob" value="sun.awt.windows.WPrinterJob"/>
    <property name="sun.os.patch.level" value=""/>
    <property name="java.library.path" value="E:\Java EE web Course\Java editor Location\jdk1.8\jre\bin;C:\Windows\Sun\Java\bin;C:\Windows\system32;C:\Windows;C:\Windows\system32;C:\Windows;C:\Windows\System32\Wbem;C:\Windows\System32\WindowsPowerShell\v1.0\;C:\Windows\System32\OpenSSH\;E:\Java EE web Course\Java editor Location\jdk1.8\bin;E:\Java EE web Course\Java editor Location\jdk1.8\jre\bin;E:\MySQL\MySQL Server 5.6\bin;C:\Users\石强华\AppData\Local\Microsoft\WindowsApps;;."/>
    <property name="java.vm.info" value="mixed mode"/>
    <property name="java.vendor" value="Oracle Corporation"/>
    <property name="java.vm.version" value="25.181-b13"/>
    <property name="java.ext.dirs" value="E:\Java EE web Course\Java editor Location\jdk1.8\jre\lib\ext;C:\Windows\Sun\Java\lib\ext"/>
    <property name="sun.io.unicode.encoding" value="UnicodeLittle"/>
    <property name="maven.repo.local" value="E:\Java EE web Course\Maven\apache-maven-3.6.0-bin\apache-maven-3.6.0\MavenRepo"/>
    <property name="java.class.version" value="52.0"/>
  </properties>
  <testcase name="testQueryArea" classname="com.java.o2o.dao.AreaDaoTest" time="1.347"/>
</testsuite>